<?xml version="1.0" encoding="UTF-8" ?>
<testsuites>
<testsuite name="multiply" errors="0" tests="2" failures="2" time="0.008" timestamp="2016-07-15T15:31:34">
  <testcase classname="multiply" name="should multiply 2 and 3" time="0.004"><failure type="expect" message="ReferenceError: multiply is not defined">ReferenceError: multiply is not defined
    at Object.exports.multiply (C:\Program Files (x86)\Ampps\www\magnus\Calculator_final_version\Jasmine_Code\npm\node_modules\jasmine\bin\src\C2Q2.js:5:18)
    at null.&amp;lt;anonymous&amp;gt; (C:\Program Files (x86)\Ampps\www\magnus\Calculator_final_version\Jasmine_Code\npm\node_modules\jasmine\bin\spec\C2Q2-spec.js:5:30)
    at jasmine.Block.execute (C:\Users\R9KT4\AppData\Roaming\npm\node_modules\jasmine-node\lib\jasmine-node/jasmine-1.3.1.js:1145:17)
    at jasmine.Queue.next_ (C:\Users\R9KT4\AppData\Roaming\npm\node_modules\jasmine-node\lib\jasmine-node/jasmine-1.3.1.js:2177:31)
    at jasmine.Queue.start (C:\Users\R9KT4\AppData\Roaming\npm\node_modules\jasmine-node\lib\jasmine-node/jasmine-1.3.1.js:2130:8)
    at jasmine.Spec.execute (C:\Users\R9KT4\AppData\Roaming\npm\node_modules\jasmine-node\lib\jasmine-node/jasmine-1.3.1.js:2458:14)
    at jasmine.Queue.next_ (C:\Users\R9KT4\AppData\Roaming\npm\node_modules\jasmine-node\lib\jasmine-node/jasmine-1.3.1.js:2177:31)
    at jasmine.Queue.start (C:\Users\R9KT4\AppData\Roaming\npm\node_modules\jasmine-node\lib\jasmine-node/jasmine-1.3.1.js:2130:8)
    at jasmine.Suite.execute (C:\Users\R9KT4\AppData\Roaming\npm\node_modules\jasmine-node\lib\jasmine-node/jasmine-1.3.1.js:2604:14)
    at jasmine.Queue.next_ (C:\Users\R9KT4\AppData\Roaming\npm\node_modules\jasmine-node\lib\jasmine-node/jasmine-1.3.1.js:2177:31)</failure></testcase>
  <testcase classname="multiply" name="should add 3 and 5" time="0.001"><failure type="expect" message="ReferenceError: multiply is not defined">ReferenceError: multiply is not defined
    at Object.exports.multiply (C:\Program Files (x86)\Ampps\www\magnus\Calculator_final_version\Jasmine_Code\npm\node_modules\jasmine\bin\src\C2Q2.js:5:18)
    at null.&amp;lt;anonymous&amp;gt; (C:\Program Files (x86)\Ampps\www\magnus\Calculator_final_version\Jasmine_Code\npm\node_modules\jasmine\bin\spec\C2Q2-spec.js:10:30)
    at jasmine.Block.execute (C:\Users\R9KT4\AppData\Roaming\npm\node_modules\jasmine-node\lib\jasmine-node/jasmine-1.3.1.js:1145:17)
    at jasmine.Queue.next_ (C:\Users\R9KT4\AppData\Roaming\npm\node_modules\jasmine-node\lib\jasmine-node/jasmine-1.3.1.js:2177:31)
    at jasmine.Queue.start (C:\Users\R9KT4\AppData\Roaming\npm\node_modules\jasmine-node\lib\jasmine-node/jasmine-1.3.1.js:2130:8)
    at jasmine.Spec.execute (C:\Users\R9KT4\AppData\Roaming\npm\node_modules\jasmine-node\lib\jasmine-node/jasmine-1.3.1.js:2458:14)
    at jasmine.Queue.next_ (C:\Users\R9KT4\AppData\Roaming\npm\node_modules\jasmine-node\lib\jasmine-node/jasmine-1.3.1.js:2177:31)
    at onComplete (C:\Users\R9KT4\AppData\Roaming\npm\node_modules\jasmine-node\lib\jasmine-node/jasmine-1.3.1.js:2173:18)
    at jasmine.Spec.finish (C:\Users\R9KT4\AppData\Roaming\npm\node_modules\jasmine-node\lib\jasmine-node/jasmine-1.3.1.js:2432:5)
    at null.onComplete (C:\Users\R9KT4\AppData\Roaming\npm\node_modules\jasmine-node\lib\jasmine-node/jasmine-1.3.1.js:2459:10)</failure></testcase>
</testsuite>
</testsuites>