<?xml version="1.0" encoding="UTF-8" ?>
<testsuites>
<testsuite name="Chapter3  Contact" errors="0" tests="2" failures="2" time="0.007" timestamp="2016-05-31T18:56:34">
  <testcase classname="Chapter3  Contact" name="Should be create a function that defines an object called Contact" time="0.003"><failure type="expect" message="Expected &amp;apos;undefined&amp;apos; to be &amp;apos;function&amp;apos;.">Error: Expected &amp;apos;undefined&amp;apos; to be &amp;apos;function&amp;apos;.
    at new jasmine.ExpectationResult (C:\Users\R9KT4\AppData\Roaming\npm\node_modules\jasmine-node\lib\jasmine-node/jasmine-1.3.1.js:114:32)
    at null.toBe (C:\Users\R9KT4\AppData\Roaming\npm\node_modules\jasmine-node\lib\jasmine-node/jasmine-1.3.1.js:1316:29)
    at null.&amp;lt;anonymous&amp;gt; (C:\Program Files (x86)\Ampps\www\Calculator_final_version\Jasmine_Code\npm\node_modules\jasmine\bin\spec\C2Q3_spec.js:5:42)
    at jasmine.Block.execute (C:\Users\R9KT4\AppData\Roaming\npm\node_modules\jasmine-node\lib\jasmine-node/jasmine-1.3.1.js:1145:17)
    at jasmine.Queue.next_ (C:\Users\R9KT4\AppData\Roaming\npm\node_modules\jasmine-node\lib\jasmine-node/jasmine-1.3.1.js:2177:31)
    at jasmine.Queue.start (C:\Users\R9KT4\AppData\Roaming\npm\node_modules\jasmine-node\lib\jasmine-node/jasmine-1.3.1.js:2130:8)
    at jasmine.Spec.execute (C:\Users\R9KT4\AppData\Roaming\npm\node_modules\jasmine-node\lib\jasmine-node/jasmine-1.3.1.js:2458:14)
    at jasmine.Queue.next_ (C:\Users\R9KT4\AppData\Roaming\npm\node_modules\jasmine-node\lib\jasmine-node/jasmine-1.3.1.js:2177:31)
    at jasmine.Queue.start (C:\Users\R9KT4\AppData\Roaming\npm\node_modules\jasmine-node\lib\jasmine-node/jasmine-1.3.1.js:2130:8)
    at jasmine.Suite.execute (C:\Users\R9KT4\AppData\Roaming\npm\node_modules\jasmine-node\lib\jasmine-node/jasmine-1.3.1.js:2604:14)</failure></testcase>
  <testcase classname="Chapter3  Contact" name="encountered a declaration exception" time="0.001"><failure type="expect" message="TypeError: calculator.Contact is not a function">TypeError: calculator.Contact is not a function
    at null.&amp;lt;anonymous&amp;gt; (C:\Program Files (x86)\Ampps\www\Calculator_final_version\Jasmine_Code\npm\node_modules\jasmine\bin\spec\C2Q3_spec.js:7:17)
    at jasmine.Env.describe_ (C:\Users\R9KT4\AppData\Roaming\npm\node_modules\jasmine-node\lib\jasmine-node/jasmine-1.3.1.js:884:21)
    at jasmine.Env.describe (C:\Users\R9KT4\AppData\Roaming\npm\node_modules\jasmine-node\lib\jasmine-node/jasmine-1.3.1.js:869:15)
    at describe (C:\Users\R9KT4\AppData\Roaming\npm\node_modules\jasmine-node\lib\jasmine-node/jasmine-1.3.1.js:629:27)
    at Object.&amp;lt;anonymous&amp;gt; (C:\Program Files (x86)\Ampps\www\Calculator_final_version\Jasmine_Code\npm\node_modules\jasmine\bin\spec\C2Q3_spec.js:3:1)
    at Module._compile (module.js:409:26)
    at Object.Module._extensions..js (module.js:416:10)
    at Module.load (module.js:343:32)
    at Function.Module._load (module.js:300:12)
    at Module.require (module.js:353:17)</failure></testcase>
</testsuite>
</testsuites>