<?xml version="1.0" encoding="UTF-8" ?>
<testsuites>
<testsuite name="multiplication" errors="0" tests="2" failures="2" time="0.006" timestamp="2016-05-16T18:33:19">
  <testcase classname="multiplication" name="should multiply 2 and 3" time="0.003"><failure type="expect" message="TypeError: calculator.multiply is not a function">TypeError: calculator.multiply is not a function
    at null.&amp;lt;anonymous&amp;gt; (C:\Program Files (x86)\Ampps\www\Calculator\calculator\Tarek_USE_Fixed_srcspec\Jasmine_Tutorial_Code tarek\npm\node_modules\jasmine\bin\spec\calculator-spec.js:7:30)
    at jasmine.Block.execute (C:\Users\R9KT4\AppData\Roaming\npm\node_modules\jasmine-node\lib\jasmine-node/jasmine-1.3.1.js:1145:17)
    at jasmine.Queue.next_ (C:\Users\R9KT4\AppData\Roaming\npm\node_modules\jasmine-node\lib\jasmine-node/jasmine-1.3.1.js:2177:31)
    at jasmine.Queue.start (C:\Users\R9KT4\AppData\Roaming\npm\node_modules\jasmine-node\lib\jasmine-node/jasmine-1.3.1.js:2130:8)
    at jasmine.Spec.execute (C:\Users\R9KT4\AppData\Roaming\npm\node_modules\jasmine-node\lib\jasmine-node/jasmine-1.3.1.js:2458:14)
    at jasmine.Queue.next_ (C:\Users\R9KT4\AppData\Roaming\npm\node_modules\jasmine-node\lib\jasmine-node/jasmine-1.3.1.js:2177:31)
    at jasmine.Queue.start (C:\Users\R9KT4\AppData\Roaming\npm\node_modules\jasmine-node\lib\jasmine-node/jasmine-1.3.1.js:2130:8)
    at jasmine.Suite.execute (C:\Users\R9KT4\AppData\Roaming\npm\node_modules\jasmine-node\lib\jasmine-node/jasmine-1.3.1.js:2604:14)
    at jasmine.Queue.next_ (C:\Users\R9KT4\AppData\Roaming\npm\node_modules\jasmine-node\lib\jasmine-node/jasmine-1.3.1.js:2177:31)
    at jasmine.Queue.start (C:\Users\R9KT4\AppData\Roaming\npm\node_modules\jasmine-node\lib\jasmine-node/jasmine-1.3.1.js:2130:8)</failure></testcase>
  <testcase classname="multiplication" name="should multiply 3 and 5" time="0"><failure type="expect" message="TypeError: calculator.multiply is not a function">TypeError: calculator.multiply is not a function
    at null.&amp;lt;anonymous&amp;gt; (C:\Program Files (x86)\Ampps\www\Calculator\calculator\Tarek_USE_Fixed_srcspec\Jasmine_Tutorial_Code tarek\npm\node_modules\jasmine\bin\spec\calculator-spec.js:12:30)
    at jasmine.Block.execute (C:\Users\R9KT4\AppData\Roaming\npm\node_modules\jasmine-node\lib\jasmine-node/jasmine-1.3.1.js:1145:17)
    at jasmine.Queue.next_ (C:\Users\R9KT4\AppData\Roaming\npm\node_modules\jasmine-node\lib\jasmine-node/jasmine-1.3.1.js:2177:31)
    at jasmine.Queue.start (C:\Users\R9KT4\AppData\Roaming\npm\node_modules\jasmine-node\lib\jasmine-node/jasmine-1.3.1.js:2130:8)
    at jasmine.Spec.execute (C:\Users\R9KT4\AppData\Roaming\npm\node_modules\jasmine-node\lib\jasmine-node/jasmine-1.3.1.js:2458:14)
    at jasmine.Queue.next_ (C:\Users\R9KT4\AppData\Roaming\npm\node_modules\jasmine-node\lib\jasmine-node/jasmine-1.3.1.js:2177:31)
    at onComplete (C:\Users\R9KT4\AppData\Roaming\npm\node_modules\jasmine-node\lib\jasmine-node/jasmine-1.3.1.js:2173:18)
    at jasmine.Spec.finish (C:\Users\R9KT4\AppData\Roaming\npm\node_modules\jasmine-node\lib\jasmine-node/jasmine-1.3.1.js:2432:5)
    at null.onComplete (C:\Users\R9KT4\AppData\Roaming\npm\node_modules\jasmine-node\lib\jasmine-node/jasmine-1.3.1.js:2459:10)
    at jasmine.Queue.next_ (C:\Users\R9KT4\AppData\Roaming\npm\node_modules\jasmine-node\lib\jasmine-node/jasmine-1.3.1.js:2187:14)</failure></testcase>
</testsuite>
</testsuites>