<?xml version="1.0" encoding="UTF-8" ?>
<testsuites>
<testsuite name="Chapter 2 Unit Tests" errors="0" tests="0" failures="0" time="0" timestamp="2016-04-28T20:02:23">
</testsuite>
<testsuite name="Chapter 2 Unit Tests.Task 1" errors="0" tests="2" failures="2" time="0.003" timestamp="2016-04-28T20:02:23">
  <testcase classname="Chapter 2 Unit Tests.Task 1" name="x and y are numbers" time="0.001"><failure type="expect" message="Expected false to equal true.">Error: Expected false to equal true.
    at new jasmine.ExpectationResult (C:\Users\Ragnar\AppData\Roaming\npm\node_modules\jasmine-node\lib\jasmine-node/jasmine-1.3.1.js:114:32)
    at null.toEqual (C:\Users\Ragnar\AppData\Roaming\npm\node_modules\jasmine-node\lib\jasmine-node/jasmine-1.3.1.js:1316:29)
    at null.&amp;lt;anonymous&amp;gt; (C:\Users\Ragnar\calculator\spec\chapter2Spec.js:11:68)
    at jasmine.Block.execute (C:\Users\Ragnar\AppData\Roaming\npm\node_modules\jasmine-node\lib\jasmine-node/jasmine-1.3.1.js:1145:17)
    at jasmine.Queue.next_ (C:\Users\Ragnar\AppData\Roaming\npm\node_modules\jasmine-node\lib\jasmine-node/jasmine-1.3.1.js:2177:31)
    at jasmine.Queue.start (C:\Users\Ragnar\AppData\Roaming\npm\node_modules\jasmine-node\lib\jasmine-node/jasmine-1.3.1.js:2130:8)
    at jasmine.Spec.execute (C:\Users\Ragnar\AppData\Roaming\npm\node_modules\jasmine-node\lib\jasmine-node/jasmine-1.3.1.js:2458:14)
    at jasmine.Queue.next_ (C:\Users\Ragnar\AppData\Roaming\npm\node_modules\jasmine-node\lib\jasmine-node/jasmine-1.3.1.js:2177:31)
    at jasmine.Queue.start (C:\Users\Ragnar\AppData\Roaming\npm\node_modules\jasmine-node\lib\jasmine-node/jasmine-1.3.1.js:2130:8)
    at jasmine.Suite.execute (C:\Users\Ragnar\AppData\Roaming\npm\node_modules\jasmine-node\lib\jasmine-node/jasmine-1.3.1.js:2604:14)</failure></testcase>
  <testcase classname="Chapter 2 Unit Tests.Task 1" name="x plus y equals result" time="0.001"><failure type="expect" message="ReferenceError: result is not defined">ReferenceError: result is not defined
    at null.&amp;lt;anonymous&amp;gt; (C:\Users\Ragnar\calculator\spec\chapter2Spec.js:15:20)
    at jasmine.Block.execute (C:\Users\Ragnar\AppData\Roaming\npm\node_modules\jasmine-node\lib\jasmine-node/jasmine-1.3.1.js:1145:17)
    at jasmine.Queue.next_ (C:\Users\Ragnar\AppData\Roaming\npm\node_modules\jasmine-node\lib\jasmine-node/jasmine-1.3.1.js:2177:31)
    at jasmine.Queue.start (C:\Users\Ragnar\AppData\Roaming\npm\node_modules\jasmine-node\lib\jasmine-node/jasmine-1.3.1.js:2130:8)
    at jasmine.Spec.execute (C:\Users\Ragnar\AppData\Roaming\npm\node_modules\jasmine-node\lib\jasmine-node/jasmine-1.3.1.js:2458:14)
    at jasmine.Queue.next_ (C:\Users\Ragnar\AppData\Roaming\npm\node_modules\jasmine-node\lib\jasmine-node/jasmine-1.3.1.js:2177:31)
    at jasmine.Queue.start (C:\Users\Ragnar\AppData\Roaming\npm\node_modules\jasmine-node\lib\jasmine-node/jasmine-1.3.1.js:2130:8)
    at jasmine.Suite.execute (C:\Users\Ragnar\AppData\Roaming\npm\node_modules\jasmine-node\lib\jasmine-node/jasmine-1.3.1.js:2604:14)
    at jasmine.Queue.next_ (C:\Users\Ragnar\AppData\Roaming\npm\node_modules\jasmine-node\lib\jasmine-node/jasmine-1.3.1.js:2177:31)
    at jasmine.Queue.start (C:\Users\Ragnar\AppData\Roaming\npm\node_modules\jasmine-node\lib\jasmine-node/jasmine-1.3.1.js:2130:8)</failure></testcase>
</testsuite>
<testsuite name="Chapter 2 Unit Tests.Task 2" errors="0" tests="2" failures="2" time="0.001" timestamp="2016-04-28T20:02:23">
  <testcase classname="Chapter 2 Unit Tests.Task 2" name="square function is defined" time="0"><failure type="expect" message="ReferenceError: SquareOf is not defined">ReferenceError: SquareOf is not defined
    at null.&amp;lt;anonymous&amp;gt; (C:\Users\Ragnar\calculator\spec\chapter2Spec.js:23:24)
    at jasmine.Block.execute (C:\Users\Ragnar\AppData\Roaming\npm\node_modules\jasmine-node\lib\jasmine-node/jasmine-1.3.1.js:1145:17)
    at jasmine.Queue.next_ (C:\Users\Ragnar\AppData\Roaming\npm\node_modules\jasmine-node\lib\jasmine-node/jasmine-1.3.1.js:2177:31)
    at jasmine.Queue.start (C:\Users\Ragnar\AppData\Roaming\npm\node_modules\jasmine-node\lib\jasmine-node/jasmine-1.3.1.js:2130:8)
    at jasmine.Spec.execute (C:\Users\Ragnar\AppData\Roaming\npm\node_modules\jasmine-node\lib\jasmine-node/jasmine-1.3.1.js:2458:14)
    at jasmine.Queue.next_ (C:\Users\Ragnar\AppData\Roaming\npm\node_modules\jasmine-node\lib\jasmine-node/jasmine-1.3.1.js:2177:31)
    at jasmine.Queue.start (C:\Users\Ragnar\AppData\Roaming\npm\node_modules\jasmine-node\lib\jasmine-node/jasmine-1.3.1.js:2130:8)
    at jasmine.Suite.execute (C:\Users\Ragnar\AppData\Roaming\npm\node_modules\jasmine-node\lib\jasmine-node/jasmine-1.3.1.js:2604:14)
    at jasmine.Queue.next_ (C:\Users\Ragnar\AppData\Roaming\npm\node_modules\jasmine-node\lib\jasmine-node/jasmine-1.3.1.js:2177:31)
    at jasmine.Queue.start (C:\Users\Ragnar\AppData\Roaming\npm\node_modules\jasmine-node\lib\jasmine-node/jasmine-1.3.1.js:2130:8)</failure></testcase>
  <testcase classname="Chapter 2 Unit Tests.Task 2" name="has array defined correctly" time="0"><failure type="expect" message="ReferenceError: mySquares is not defined">ReferenceError: mySquares is not defined
    at null.&amp;lt;anonymous&amp;gt; (C:\Users\Ragnar\calculator\spec\chapter2Spec.js:28:20)
    at jasmine.Block.execute (C:\Users\Ragnar\AppData\Roaming\npm\node_modules\jasmine-node\lib\jasmine-node/jasmine-1.3.1.js:1145:17)
    at jasmine.Queue.next_ (C:\Users\Ragnar\AppData\Roaming\npm\node_modules\jasmine-node\lib\jasmine-node/jasmine-1.3.1.js:2177:31)
    at jasmine.Queue.start (C:\Users\Ragnar\AppData\Roaming\npm\node_modules\jasmine-node\lib\jasmine-node/jasmine-1.3.1.js:2130:8)
    at jasmine.Spec.execute (C:\Users\Ragnar\AppData\Roaming\npm\node_modules\jasmine-node\lib\jasmine-node/jasmine-1.3.1.js:2458:14)
    at jasmine.Queue.next_ (C:\Users\Ragnar\AppData\Roaming\npm\node_modules\jasmine-node\lib\jasmine-node/jasmine-1.3.1.js:2177:31)
    at jasmine.Queue.start (C:\Users\Ragnar\AppData\Roaming\npm\node_modules\jasmine-node\lib\jasmine-node/jasmine-1.3.1.js:2130:8)
    at jasmine.Suite.execute (C:\Users\Ragnar\AppData\Roaming\npm\node_modules\jasmine-node\lib\jasmine-node/jasmine-1.3.1.js:2604:14)
    at jasmine.Queue.next_ (C:\Users\Ragnar\AppData\Roaming\npm\node_modules\jasmine-node\lib\jasmine-node/jasmine-1.3.1.js:2177:31)
    at jasmine.Queue.start (C:\Users\Ragnar\AppData\Roaming\npm\node_modules\jasmine-node\lib\jasmine-node/jasmine-1.3.1.js:2130:8)</failure></testcase>
</testsuite>
</testsuites>